[2022-08-28 12:49:22,641: INFO: stage_01_get_data]: 
********************
[2022-08-28 12:49:22,641: INFO: stage_01_get_data]: >>>>> stage GET_DATA started <<<<<
[2022-08-28 12:49:22,647: INFO: common]: yaml file: configs/config.yaml loaded successfully
[2022-08-28 12:49:22,647: INFO: common]: created directory at: data
[2022-08-28 12:49:23,503: INFO: stage_01_get_data]: filename:data\data.zip created with info 
Cache-Control: no-cache, no-store
Pragma: no-cache
Content-Type: text/html
Expires: -1
P3P: CP="ALL IND DSP COR ADM CONo CUR CUSo IVAo IVDo PSA PSD TAI TELo OUR SAMo CNT COM INT NAV ONL PHY PRE PUR UNI"
CorrelationVector: T0hV/EN+n0yn4egH.1.0
Access-Control-Allow-Headers: Origin, X-Requested-With, Content-Type, Accept
Access-Control-Allow-Methods: GET, POST, PUT, DELETE, OPTIONS
Access-Control-Allow-Credentials: true
X-Frame-Options: SAMEORIGIN
x-sitemuse-origin: Azure
X-Azure-Ref: 0+xYLYwAAAADC6xf74wp1TL5QQyfM8ZFMU0dFRURHRTA4MDYAMWIyYjIyYzEtY2IwYy00OTUwLTg4NzktZDIxMmYyYWM1YTRi
X-EdgeConnect-MidMile-RTT: 51
X-EdgeConnect-Origin-MEX-Latency: 367
Vary: Accept-Encoding
Date: Sun, 28 Aug 2022 07:19:23 GMT
Transfer-Encoding: chunked
Connection: close
Connection: Transfer-Encoding
Set-Cookie: MS-CV=T0hV/EN+n0yn4egH.1; domain=.microsoft.com; expires=Mon, 29-Aug-2022 07:19:23 GMT; path=/;samesite=None; secure
TLS_version: tls1.3
Strict-Transport-Security: max-age=31536000
X-RTag: SMAPROD


[2022-08-28 12:49:23,503: INFO: common]: yaml file: params.yaml loaded successfully
[2022-08-28 12:49:23,503: INFO: stage_01_get_data]: >>>>> stage GET_DATA completed!<<<<<

[2022-08-28 12:54:33,695: INFO: stage_01_get_data]: 
********************
[2022-08-28 12:54:33,695: INFO: stage_01_get_data]: >>>>> stage GET_DATA started <<<<<
[2022-08-28 12:54:33,695: INFO: common]: yaml file: configs/config.yaml loaded successfully
[2022-08-28 12:54:33,695: INFO: common]: created directory at: data
[2022-08-28 12:54:33,695: INFO: stage_01_get_data]: filename:data.zip already present
[2022-08-28 12:54:33,695: INFO: stage_01_get_data]: >>>>> stage GET_DATA completed!<<<<<

